<?xml version="1.0" encoding="UTF-8"?>
<testsuite name="kr.megaptera.makaoBank.controllers.AccountControllerTest" tests="2" skipped="0" failures="0" errors="0" timestamp="2022-09-27T05:50:57" hostname="seonghwan-ui-MacBookPro.local" time="0.122">
  <properties/>
  <testcase name="accountNotFound()" classname="kr.megaptera.makaoBank.controllers.AccountControllerTest" time="0.065"/>
  <testcase name="account()" classname="kr.megaptera.makaoBank.controllers.AccountControllerTest" time="0.055"/>
  <system-out><![CDATA[2022-09-27 14:50:56.579  INFO 52250 --- [    Test worker] .b.t.a.w.s.WebMvcTestContextBootstrapper : Neither @ContextConfiguration nor @ContextHierarchy found for test class [kr.megaptera.makaoBank.controllers.AccountControllerTest], using SpringBootContextLoader
2022-09-27 14:50:56.581  INFO 52250 --- [    Test worker] o.s.t.c.support.AbstractContextLoader    : Could not detect default resource locations for test class [kr.megaptera.makaoBank.controllers.AccountControllerTest]: no resource found for suffixes {-context.xml, Context.groovy}.
2022-09-27 14:50:56.581  INFO 52250 --- [    Test worker] t.c.s.AnnotationConfigContextLoaderUtils : Could not detect default configuration classes for test class [kr.megaptera.makaoBank.controllers.AccountControllerTest]: AccountControllerTest does not declare any static, non-private, non-final, nested classes annotated with @Configuration.
2022-09-27 14:50:56.610  INFO 52250 --- [    Test worker] .b.t.c.SpringBootTestContextBootstrapper : Found @SpringBootConfiguration kr.megaptera.makaoBank.MakaoBankApplication for test class kr.megaptera.makaoBank.controllers.AccountControllerTest
2022-09-27 14:50:56.611  INFO 52250 --- [    Test worker] .b.t.a.w.s.WebMvcTestContextBootstrapper : Loaded default TestExecutionListener class names from location [META-INF/spring.factories]: [org.springframework.security.test.context.support.WithSecurityContextTestExecutionListener, org.springframework.security.test.context.support.ReactorContextTestExecutionListener, org.springframework.boot.test.autoconfigure.restdocs.RestDocsTestExecutionListener, org.springframework.boot.test.autoconfigure.web.client.MockRestServiceServerResetTestExecutionListener, org.springframework.boot.test.autoconfigure.web.servlet.MockMvcPrintOnlyOnFailureTestExecutionListener, org.springframework.boot.test.autoconfigure.web.servlet.WebDriverTestExecutionListener, org.springframework.boot.test.autoconfigure.webservices.client.MockWebServiceServerTestExecutionListener, org.springframework.boot.test.mock.mockito.MockitoTestExecutionListener, org.springframework.boot.test.mock.mockito.ResetMocksTestExecutionListener, org.springframework.test.context.web.ServletTestExecutionListener, org.springframework.test.context.support.DirtiesContextBeforeModesTestExecutionListener, org.springframework.test.context.event.ApplicationEventsTestExecutionListener, org.springframework.test.context.support.DependencyInjectionTestExecutionListener, org.springframework.test.context.support.DirtiesContextTestExecutionListener, org.springframework.test.context.transaction.TransactionalTestExecutionListener, org.springframework.test.context.jdbc.SqlScriptsTestExecutionListener, org.springframework.test.context.event.EventPublishingTestExecutionListener]
2022-09-27 14:50:56.612  INFO 52250 --- [    Test worker] .b.t.a.w.s.WebMvcTestContextBootstrapper : Using TestExecutionListeners: [org.springframework.test.context.web.ServletTestExecutionListener@5b27d03d, org.springframework.test.context.support.DirtiesContextBeforeModesTestExecutionListener@687d31a9, org.springframework.test.context.event.ApplicationEventsTestExecutionListener@6ce24203, org.springframework.boot.test.mock.mockito.MockitoTestExecutionListener@4cc28ad0, org.springframework.boot.test.autoconfigure.SpringBootDependencyInjectionTestExecutionListener@29811d4d, org.springframework.test.context.support.DirtiesContextTestExecutionListener@28f081ad, org.springframework.test.context.transaction.TransactionalTestExecutionListener@56fc2cea, org.springframework.test.context.jdbc.SqlScriptsTestExecutionListener@e30a8ef, org.springframework.security.test.context.support.WithSecurityContextTestExecutionListener@2ffaa711, org.springframework.test.context.event.EventPublishingTestExecutionListener@3abb6aa, org.springframework.security.test.context.support.ReactorContextTestExecutionListener@34074149, org.springframework.boot.test.autoconfigure.restdocs.RestDocsTestExecutionListener@3f7bf0f6, org.springframework.boot.test.autoconfigure.web.client.MockRestServiceServerResetTestExecutionListener@45430a27, org.springframework.boot.test.autoconfigure.web.servlet.MockMvcPrintOnlyOnFailureTestExecutionListener@1b83fac3, org.springframework.boot.test.autoconfigure.web.servlet.WebDriverTestExecutionListener@1500edf3, org.springframework.boot.test.autoconfigure.webservices.client.MockWebServiceServerTestExecutionListener@759c53e5, org.springframework.boot.test.mock.mockito.ResetMocksTestExecutionListener@28d37d43]

  .   ____          _            __ _ _
 /\\ / ___'_ __ _ _(_)_ __  __ _ \ \ \ \
( ( )\___ | '_ | '_| | '_ \/ _` | \ \ \ \
 \\/  ___)| |_)| | | | | || (_| |  ) ) ) )
  '  |____| .__|_| |_|_| |_\__, | / / / /
 =========|_|==============|___/=/_/_/_/
 :: Spring Boot ::                (v2.7.4)

2022-09-27 14:50:56.643  INFO 52250 --- [    Test worker] k.m.m.controllers.AccountControllerTest  : Starting AccountControllerTest using Java 17 on seonghwan-ui-MacBookPro.local with PID 52250 (started by seonghwan in /Users/seonghwan/Desktop/makaoBank-backend/makaoBank-backend)
2022-09-27 14:50:56.643  INFO 52250 --- [    Test worker] k.m.m.controllers.AccountControllerTest  : The following 1 profile is active: "test"
2022-09-27 14:50:57.131  WARN 52250 --- [    Test worker] .s.s.UserDetailsServiceAutoConfiguration : 

Using generated security password: 82d8832f-cd47-43bf-a3a9-cd7fc567bc68

This generated password is for development use only. Your security configuration must be updated before running your application in production.

2022-09-27 14:50:57.214  INFO 52250 --- [    Test worker] o.s.s.web.DefaultSecurityFilterChain     : Will secure any request with [org.springframework.security.web.session.DisableEncodeUrlFilter@72e4ffa2, org.springframework.security.web.context.request.async.WebAsyncManagerIntegrationFilter@34dda1b4, org.springframework.security.web.context.SecurityContextPersistenceFilter@3f473daf, org.springframework.security.web.header.HeaderWriterFilter@7f33ad20, org.springframework.security.web.csrf.CsrfFilter@c5c2a84, org.springframework.security.web.authentication.logout.LogoutFilter@5319e4fc, org.springframework.security.web.authentication.UsernamePasswordAuthenticationFilter@3c4231e5, org.springframework.security.web.authentication.ui.DefaultLoginPageGeneratingFilter@18fcfe7e, org.springframework.security.web.authentication.ui.DefaultLogoutPageGeneratingFilter@193d73d3, org.springframework.security.web.authentication.www.BasicAuthenticationFilter@397f9672, org.springframework.security.web.savedrequest.RequestCacheAwareFilter@390e814c, org.springframework.security.web.servletapi.SecurityContextHolderAwareRequestFilter@5bb661e0, org.springframework.security.web.authentication.AnonymousAuthenticationFilter@5cb4ba80, org.springframework.security.web.session.SessionManagementFilter@52a23575, org.springframework.security.web.access.ExceptionTranslationFilter@42a89cef, org.springframework.security.web.access.intercept.FilterSecurityInterceptor@464017f5]
2022-09-27 14:50:57.219  WARN 52250 --- [    Test worker] o.s.s.c.a.web.builders.WebSecurity       : You are asking Spring Security to ignore Ant [pattern='/**']. This is not recommended -- please use permitAll via HttpSecurity#authorizeHttpRequests instead.
2022-09-27 14:50:57.219  INFO 52250 --- [    Test worker] o.s.s.web.DefaultSecurityFilterChain     : Will not secure Ant [pattern='/**']
2022-09-27 14:50:57.277  INFO 52250 --- [    Test worker] o.s.b.t.m.w.SpringBootMockServletContext : Initializing Spring TestDispatcherServlet ''
2022-09-27 14:50:57.277  INFO 52250 --- [    Test worker] o.s.t.web.servlet.TestDispatcherServlet  : Initializing Servlet ''
2022-09-27 14:50:57.279  INFO 52250 --- [    Test worker] o.s.t.web.servlet.TestDispatcherServlet  : Completed initialization in 1 ms
2022-09-27 14:50:57.293  INFO 52250 --- [    Test worker] k.m.m.controllers.AccountControllerTest  : Started AccountControllerTest in 0.677 seconds (JVM running for 6.445)
]]></system-out>
  <system-err><![CDATA[]]></system-err>
</testsuite>
