<?xml version="1.0" encoding="UTF-8"?>
<testsuite name="kr.megaptera.makaoBank.services.AccountServiceTest" tests="1" skipped="0" failures="0" errors="0" timestamp="2022-09-27T05:50:57" hostname="seonghwan-ui-MacBookPro.local" time="0.145">
  <properties/>
  <testcase name="account()" classname="kr.megaptera.makaoBank.services.AccountServiceTest" time="0.145"/>
  <system-out><![CDATA[]]></system-out>
  <system-err><![CDATA[]]></system-err>
</testsuite>
